/home/plex/.local/lib/python3.12/site-packages/pandas/core/arrays/masked.py:61: UserWarning: Pandas requires version '1.3.6' or newer of 'bottleneck' (version '1.3.5' currently installed).
  from pandas.core import (
--- Weekly Alpha Scan: 2457 tickers ---
Scanning batch 1/25...
Error in batch: {"message":"invalid symbol: -"}

Scanning batch 2/25...
Scanning batch 3/25...
Scanning batch 4/25...
Error in batch: {"message":"invalid symbol: BF-B"}

Scanning batch 5/25...
Scanning batch 6/25...
Scanning batch 7/25...
Scanning batch 8/25...
Scanning batch 9/25...
Scanning batch 10/25...
Scanning batch 11/25...
Scanning batch 12/25...
Error in batch: {"message":"invalid symbol: IXPH6"}

Scanning batch 13/25...
Scanning batch 14/25...
Scanning batch 15/25...
Scanning batch 16/25...
Scanning batch 17/25...
Scanning batch 18/25...
Scanning batch 19/25...
Scanning batch 20/25...
Error in batch: {"message":"invalid symbol: RTYH6"}

Scanning batch 21/25...
Scanning batch 22/25...
Scanning batch 23/25...
Scanning batch 24/25...
Scanning batch 25/25...

==================================================
WEEKLY SCAN COMPLETE: 651 total passed filters.
TOP 100 CANDIDATES SAVED TO: stock-bot/data/weekly_candidates.csv
==================================================
| Ticker   |   Price |   SMA200 |   RSI |   Perf_1M |
|:---------|--------:|---------:|------:|----------:|
| ATOM     |    5.35 |     3.93 |  74.9 |    128.63 |
| CATX     |    4.92 |     3.24 |  72.3 |    102.26 |
| EGHT     |    2.34 |     1.95 |  64.5 |     47.17 |
| RIG      |    6.21 |     3.54 |  67.7 |     44.42 |
| VIAV     |   26.36 |    14.07 |  73.7 |     41.42 |
| TROX     |    7.78 |     4.72 |  62.2 |     40.52 |
| TER      |  314.58 |   146.97 |  69.7 |     40.51 |
| KOS      |    1.69 |     1.6  |  54.5 |     39.67 |
| ALLO     |    2.17 |     1.32 |  74.7 |     38.54 |
| MITK     |   13.49 |     9.8  |  72.3 |     36.13 |
| GOLD     |   57.32 |    28.51 |  54.9 |     36.02 |
| DOCN     |   68    |    39.23 |  63.6 |     35.92 |
| LBRT     |   26.96 |    14.98 |  69.3 |     33.93 |
| NE       |   43.85 |    28.82 |  72.4 |     33.36 |
| WDC      |  297.23 |   124.52 |  54.7 |     33.3  |
| AVIR     |    4.58 |     3.34 |  72.8 |     33.28 |
| SNDK     |  597.47 |   169.77 |  57   |     31.86 |
| CODI     |    6.9  |     6.76 |  57.7 |     31.77 |
| WTI      |    2.32 |     1.82 |  56.4 |     30.34 |
| VIR      |    7.82 |     5.68 |  53.9 |     30.33 |
